#
# There is insufficient memory for the Java Runtime Environment to continue.
# Native memory allocation (mmap) failed to map 264241152 bytes for G1 virtual space
# Possible reasons:
#   The system is out of physical RAM or swap space
#   The process is running with CompressedOops enabled, and the Java Heap may be blocking the growth of the native heap
# Possible solutions:
#   Reduce memory load on the system
#   Increase physical memory or swap space
#   Check if swap backing store is full
#   Decrease Java heap size (-Xmx/-Xms)
#   Decrease number of Java threads
#   Decrease Java thread stack sizes (-Xss)
#   Set larger code cache with -XX:ReservedCodeCacheSize=
#   JVM is running with Zero Based Compressed Oops mode in which the Java heap is
#     placed in the first 32GB address space. The Java Heap base address is the
#     maximum limit for the native heap growth. Please use -XX:HeapBaseMinAddress
#     to set the Java Heap base and to place the Java Heap above 32GB virtual address.
# This output file may be truncated or incomplete.
#
#  Out of Memory Error (os_windows.cpp:3600), pid=252, tid=13128
#
# JRE version:  (21.0.2+13) (build )
# Java VM: Java HotSpot(TM) 64-Bit Server VM (21.0.2+13-LTS-58, mixed mode, sharing, tiered, compressed oops, compressed class ptrs, g1 gc, windows-amd64)
# No core dump will be written. Minidumps are not enabled by default on client versions of Windows
#

---------------  S U M M A R Y ------------

Command Line: -XX:+ShowCodeDetailsInExceptionMessages com.jikisan.vstech.Homepage

Host: 11th Gen Intel(R) Core(TM) i5-1145G7 @ 2.60GHz, 8 cores, 15G,  Windows 10 , 64 bit Build 19041 (10.0.19041.3636)
Time: Sun May  5 09:43:36 2024 Malay Peninsula Standard Time elapsed time: 0.014466 seconds (0d 0h 0m 0s)

---------------  T H R E A D  ---------------

Current thread (0x0000026565269ad0):  JavaThread "Unknown thread" [_thread_in_vm, id=13128, stack(0x000000e537f00000,0x000000e538000000) (1024K)]

Stack: [0x000000e537f00000,0x000000e538000000]
Native frames: (J=compiled Java code, j=interpreted, Vv=VM code, C=native code)
V  [jvm.dll+0x6cade9]
V  [jvm.dll+0x8569c1]
V  [jvm.dll+0x858d2e]
V  [jvm.dll+0x859413]
V  [jvm.dll+0x280e56]
V  [jvm.dll+0x6c74d5]
V  [jvm.dll+0x6bbeca]
V  [jvm.dll+0x355bca]
V  [jvm.dll+0x35d816]
V  [jvm.dll+0x3ae67e]
V  [jvm.dll+0x3ae928]
V  [jvm.dll+0x3295dc]
V  [jvm.dll+0x32a16b]
V  [jvm.dll+0x81efa9]
V  [jvm.dll+0x3bba01]
V  [jvm.dll+0x807928]
V  [jvm.dll+0x44f50e]
V  [jvm.dll+0x450e11]
C  [jli.dll+0x52a3]
C  [ucrtbase.dll+0x21bb2]
C  [KERNEL32.DLL+0x17344]
C  [ntdll.dll+0x526b1]


---------------  P R O C E S S  ---------------

Threads class SMR info:
_java_thread_list=0x00007ffef2e5bb88, length=0, elements={
}

Java Threads: ( => current thread )
Total: 0

Other Threads:
  0x000002656525da50 WorkerThread "GC Thread#0"                     [id=13780, stack(0x000000e538000000,0x000000e538100000) (1024K)]
  0x00000265675405e0 ConcurrentGCThread "G1 Main Marker"            [id=452, stack(0x000000e538100000,0x000000e538200000) (1024K)]
  0x000002656525c0f0 WorkerThread "G1 Conc#0"                       [id=10800, stack(0x000000e538200000,0x000000e538300000) (1024K)]

[error occurred during error reporting (printing all threads), id 0xc0000005, EXCEPTION_ACCESS_VIOLATION (0xc0000005) at pc=0x00007ffef25cc6a7]
VM state: not at safepoint (not fully initialized)

VM Mutex/Monitor currently owned by a thread:  ([mutex/lock_event])
[0x00007ffef2ecce68] Heap_lock - owner thread: 0x0000026565269ad0

Heap address: 0x0000000704e00000, size: 4018 MB, Compressed Oops mode: Zero based, Oop shift amount: 3

CDS archive(s) mapped at: [0x0000000000000000-0x0000000000000000-0x0000000000000000), size 0, SharedBaseAddress: 0x0000000800000000, ArchiveRelocationMode: 1.
Narrow klass base: 0x0000000000000000, Narrow klass shift: 0, Narrow klass range: 0x0

GC Precious Log:
 CardTable entry size: 512
 Card Set container configuration: InlinePtr #cards 4 size 8 Array Of Cards #cards 16 size 48 Howl #buckets 8 coarsen threshold 3686 Howl Bitmap #cards 512 size 80 coarsen threshold 460 Card regions per heap region 1 cards per card region 4096

Heap:
 garbage-first heap   total 0K, used 0K [0x0000000704e00000, 0x0000000800000000)
  region size 2048K, 0 young (0K), 0 survivors (0K)

[error occurred during error reporting (printing heap information), id 0xc0000005, EXCEPTION_ACCESS_VIOLATION (0xc0000005) at pc=0x00007ffef29b39f9]
GC Heap History (0 events):
No events

Dll operation events (1 events):
Event: 0.008 Loaded shared library C:\Program Files\Java\jdk-21\bin\java.dll

Deoptimization events (0 events):
No events

Classes loaded (0 events):
No events

Classes unloaded (0 events):
No events

Classes redefined (0 events):
No events

Internal exceptions (0 events):
No events

ZGC Phase Switch (0 events):
No events

VM Operations (0 events):
No events

Events (0 events):
No events


Dynamic libraries:
0x00007ff608b30000 - 0x00007ff608b40000 	C:\Program Files\Java\jdk-21\bin\java.exe
0x00007fffa7690000 - 0x00007fffa7888000 	C:\WINDOWS\SYSTEM32\ntdll.dll
0x00007fffa56c0000 - 0x00007fffa577d000 	C:\WINDOWS\System32\KERNEL32.DLL
0x00007fffa4f20000 - 0x00007fffa5216000 	C:\WINDOWS\System32\KERNELBASE.dll
0x00007fffa5220000 - 0x00007fffa5320000 	C:\WINDOWS\System32\ucrtbase.dll
0x00007fff8b300000 - 0x00007fff8b31b000 	C:\Program Files\Java\jdk-21\bin\VCRUNTIME140.dll
0x00007fff8b180000 - 0x00007fff8b199000 	C:\Program Files\Java\jdk-21\bin\jli.dll
0x00007fffa6290000 - 0x00007fffa6340000 	C:\WINDOWS\System32\ADVAPI32.dll
0x00007fffa5880000 - 0x00007fffa591e000 	C:\WINDOWS\System32\msvcrt.dll
0x00007fffa5780000 - 0x00007fffa5820000 	C:\WINDOWS\System32\sechost.dll
0x00007fffa5920000 - 0x00007fffa5a43000 	C:\WINDOWS\System32\RPCRT4.dll
0x00007fffa4e40000 - 0x00007fffa4e67000 	C:\WINDOWS\System32\bcrypt.dll
0x00007fffa60f0000 - 0x00007fffa628f000 	C:\WINDOWS\System32\USER32.dll
0x00007fffa5490000 - 0x00007fffa54b2000 	C:\WINDOWS\System32\win32u.dll
0x00007fff7efe0000 - 0x00007fff7f27a000 	C:\WINDOWS\WinSxS\amd64_microsoft.windows.common-controls_6595b64144ccf1df_6.0.19041.3636_none_60b6a03d71f818d5\COMCTL32.dll
0x00007fffa7510000 - 0x00007fffa753b000 	C:\WINDOWS\System32\GDI32.dll
0x00007fffa5370000 - 0x00007fffa5487000 	C:\WINDOWS\System32\gdi32full.dll
0x00007fffa54c0000 - 0x00007fffa555d000 	C:\WINDOWS\System32\msvcp_win.dll
0x00007fff996f0000 - 0x00007fff996fa000 	C:\WINDOWS\SYSTEM32\VERSION.dll
0x00007fffa6fb0000 - 0x00007fffa6fe2000 	C:\WINDOWS\System32\IMM32.DLL
0x00007fff9dae0000 - 0x00007fff9daec000 	C:\Program Files\Java\jdk-21\bin\vcruntime140_1.dll
0x00007fff5a7b0000 - 0x00007fff5a83e000 	C:\Program Files\Java\jdk-21\bin\msvcp140.dll
0x00007ffef2290000 - 0x00007ffef2fa7000 	C:\Program Files\Java\jdk-21\bin\server\jvm.dll
0x00007fffa7370000 - 0x00007fffa73db000 	C:\WINDOWS\System32\WS2_32.dll
0x00007fffa42d0000 - 0x00007fffa431b000 	C:\WINDOWS\SYSTEM32\POWRPROF.dll
0x00007fff99570000 - 0x00007fff99597000 	C:\WINDOWS\SYSTEM32\WINMM.dll
0x00007fffa4140000 - 0x00007fffa4152000 	C:\WINDOWS\SYSTEM32\UMPDC.dll
0x00007fffa3590000 - 0x00007fffa35a2000 	C:\WINDOWS\SYSTEM32\kernel.appcore.dll
0x00007fff9dac0000 - 0x00007fff9daca000 	C:\Program Files\Java\jdk-21\bin\jimage.dll
0x00007fffa2ab0000 - 0x00007fffa2c94000 	C:\WINDOWS\SYSTEM32\DBGHELP.DLL
0x00007fff85360000 - 0x00007fff85394000 	C:\WINDOWS\SYSTEM32\dbgcore.DLL
0x00007fffa4db0000 - 0x00007fffa4e32000 	C:\WINDOWS\System32\bcryptPrimitives.dll
0x00007fff8b160000 - 0x00007fff8b17f000 	C:\Program Files\Java\jdk-21\bin\java.dll

dbghelp: loaded successfully - version: 4.0.5 - missing functions: none
symbol engine: initialized successfully - sym options: 0x614 - pdb path: .;C:\Program Files\Java\jdk-21\bin;C:\WINDOWS\SYSTEM32;C:\WINDOWS\WinSxS\amd64_microsoft.windows.common-controls_6595b64144ccf1df_6.0.19041.3636_none_60b6a03d71f818d5;C:\Program Files\Java\jdk-21\bin\server

VM Arguments:
jvm_args: -XX:+ShowCodeDetailsInExceptionMessages 
java_command: com.jikisan.vstech.Homepage
java_class_path (initial): C:\Users\JK\OneDrive\Documents\GitHub\VSTECH\target\classes;C:\Users\JK\.m2\repository\com\toedter\jcalendar\1.4\jcalendar-1.4.jar
Launcher Type: SUN_STANDARD

[Global flags]
     intx CICompilerCount                          = 4                                         {product} {ergonomic}
     uint ConcGCThreads                            = 2                                         {product} {ergonomic}
     uint G1ConcRefinementThreads                  = 8                                         {product} {ergonomic}
   size_t G1HeapRegionSize                         = 2097152                                   {product} {ergonomic}
    uintx GCDrainStackTargetSize                   = 64                                        {product} {ergonomic}
   size_t InitialHeapSize                          = 264241152                                 {product} {ergonomic}
   size_t MarkStackSize                            = 4194304                                   {product} {ergonomic}
   size_t MaxHeapSize                              = 4213178368                                {product} {ergonomic}
   size_t MinHeapDeltaBytes                        = 2097152                                   {product} {ergonomic}
   size_t MinHeapSize                              = 8388608                                   {product} {ergonomic}
    uintx NonNMethodCodeHeapSize                   = 5839372                                {pd product} {ergonomic}
    uintx NonProfiledCodeHeapSize                  = 122909434                              {pd product} {ergonomic}
    uintx ProfiledCodeHeapSize                     = 122909434                              {pd product} {ergonomic}
    uintx ReservedCodeCacheSize                    = 251658240                              {pd product} {ergonomic}
     bool SegmentedCodeCache                       = true                                      {product} {ergonomic}
     bool ShowCodeDetailsInExceptionMessages       = true                                   {manageable} {command line}
   size_t SoftMaxHeapSize                          = 4213178368                             {manageable} {ergonomic}
     bool UseCompressedOops                        = true                           {product lp64_product} {ergonomic}
     bool UseG1GC                                  = true                                      {product} {ergonomic}
     bool UseLargePagesIndividualAllocation        = false                                  {pd product} {ergonomic}

Logging:
Log output configuration:
 #0: stdout all=warning uptime,level,tags foldmultilines=false
 #1: stderr all=off uptime,level,tags foldmultilines=false

Environment Variables:
PATH=C:\Program Files\Common Files\Oracle\Java\javapath;C:\WINDOWS\system32;C:\WINDOWS;C:\WINDOWS\System32\Wbem;C:\WINDOWS\System32\WindowsPowerShell\v1.0\;C:\WINDOWS\System32\OpenSSH\;C:\Program Files\dotnet\;C:\Program Files\Microsoft SQL Server\150\Tools\Binn\;C:\Program Files\Microsoft SQL Server\Client SDK\ODBC\170\Tools\Binn\;C:\Users\JK\AppData\Local\Microsoft\WindowsApps;C:\Users\JK\.dotnet\tools;C:\Users\JK\AppData\Local\GitHubDesktop\bin;C:\Users\JK\AppData\Local\Android\Sdk\platform-tools;D:\Users\JK\AppData\Local\Programs\Microsoft VS Code\bin
USERNAME=JK
LANG=en_US.UTF-8
OS=Windows_NT
PROCESSOR_IDENTIFIER=Intel64 Family 6 Model 140 Stepping 1, GenuineIntel
TMP=C:\Users\JK\AppData\Local\Temp
TEMP=C:\Users\JK\AppData\Local\Temp




Periodic native trim disabled

---------------  S Y S T E M  ---------------

OS:
 Windows 10 , 64 bit Build 19041 (10.0.19041.3636)
OS uptime: 0 days 10:40 hours

CPU: total 8 (initial active 8) (4 cores per cpu, 2 threads per core) family 6 model 140 stepping 1 microcode 0xb6, cx8, cmov, fxsr, ht, mmx, 3dnowpref, sse, sse2, sse3, ssse3, sse4.1, sse4.2, popcnt, lzcnt, tsc, tscinvbit, avx, avx2, aes, erms, clmul, bmi1, bmi2, adx, avx512f, avx512dq, avx512cd, avx512bw, avx512vl, sha, fma, vzeroupper, avx512_vpopcntdq, avx512_vpclmulqdq, avx512_vaes, avx512_vnni, clflush, clflushopt, clwb, avx512_vbmi2, avx512_vbmi, rdtscp, rdpid, fsrm, gfni, avx512_bitalg, f16c, pku, cet_ibt, cet_ss, avx512_ifma
Processor Information for all 8 processors :
  Max Mhz: 2611, Current Mhz: 2611, Mhz Limit: 2611

Memory: 4k page, system-wide physical 16064M (1755M free)
TotalPageFile size 20704M (AvailPageFile size 151M)
current process WorkingSet (physical memory assigned to process): 10M, peak: 10M
current process commit charge ("private bytes"): 60M, peak: 312M

vm_info: Java HotSpot(TM) 64-Bit Server VM (21.0.2+13-LTS-58) for windows-amd64 JRE (21.0.2+13-LTS-58), built on 2024-01-05T18:32:24Z by "mach5one" with MS VC++ 17.1 (VS2022)

END.
